<?xml version="1.0" encoding="UTF-8"?>
<testsuite xmlns:xsi="http://www.w3.org/2001/XMLSchema-instance" xsi:noNamespaceSchemaLocation="https://maven.apache.org/surefire/maven-surefire-plugin/xsd/surefire-test-report-3.0.xsd" version="3.0" name="com.student.CalculatorAppTest" time="0.148" tests="6" errors="0" skipped="0" failures="0">
  <properties>
[...]
</properties>
  <testcase name="testAdd" classname="com.student.CalculatorAppTest" time="0.046">
    <system-out><![CDATA[Starting all tests...
Test finished
]]></system-out>
  </testcase>
  <testcase name="testSubtract" classname="com.student.CalculatorAppTest" time="0.002">
    <system-out><![CDATA[Test finished
]]></system-out>
  </testcase>
  <testcase name="testNegativeNumber" classname="com.student.CalculatorAppTest" time="0.005">
    <system-out><![CDATA[Test finished
]]></system-out>
  </testcase>
  <testcase name="testPositiveNumber" classname="com.student.CalculatorAppTest" time="0.009">
    <system-out><![CDATA[Test finished
]]></system-out>
  </testcase>
  <testcase name="testNotEquals" classname="com.student.CalculatorAppTest" time="0.006">
    <system-out><![CDATA[Test finished
]]></system-out>
  </testcase>
  <testcase name="testMessageNotNull" classname="com.student.CalculatorAppTest" time="0.004">
    <system-out><![CDATA[Test finished
]]></system-out>
  </testcase>
</testsuite>